<?xml version="1.0" encoding="UTF-8"?>
<testsuite name="com.trello.qa.TeamCreationTests" tests="2" skipped="0" failures="0" errors="0" timestamp="2019-09-09T17:30:26" hostname="DESKTOP-F9966VI" time="65.536">
  <properties/>
  <testcase name="testTeamCreationFromLeftNavMenu" classname="com.trello.qa.TeamCreationTests" time="33.025"/>
  <testcase name="testTeamCreationFromPlusButtonOnHeader" classname="com.trello.qa.TeamCreationTests" time="32.486"/>
  <system-out><![CDATA[]]></system-out>
  <system-err><![CDATA[Starting ChromeDriver 76.0.3809.68 (420c9498db8ce8fcd190a954d51297672c1515d5-refs/branch-heads/3809@{#864}) on port 39357
Only local connections are allowed.
Please protect ports used by ChromeDriver and related test frameworks to prevent access by malicious code.
[1568050208.791][WARNING]: Timed out connecting to Chrome, retrying...
сен 09, 2019 8:30:10 PM org.openqa.selenium.remote.ProtocolHandshake createSession
INFO: Detected dialect: W3C
[1568050212.877][WARNING]: Timed out connecting to Chrome, retrying...
]]></system-err>
</testsuite>
