<?xml version="1.0" encoding="UTF-8"?>
<testsuite name="com.trello.qa.tests.TeamCreationTests" tests="4" skipped="0" failures="0" errors="0" timestamp="2019-10-02T20:05:57" hostname="DESKTOP-F9966VI" time="59.499">
  <properties/>
  <testcase name="testTeamCreationFromPlusButtonOnHeaderWithDataProviderFromcsv[0](com.trello.qa.manager.TeamData@71094f60)" classname="com.trello.qa.tests.TeamCreationTests" time="14.645"/>
  <testcase name="testTeamCreationFromPlusButtonOnHeaderWithDataProviderFromcsv[1](com.trello.qa.manager.TeamData@287dc5bb)" classname="com.trello.qa.tests.TeamCreationTests" time="16.107"/>
  <testcase name="testTeamCreationFromPlusButtonOnHeaderWithDataProviderFromcsv[2](com.trello.qa.manager.TeamData@52d8a37d)" classname="com.trello.qa.tests.TeamCreationTests" time="14.36"/>
  <testcase name="testTeamCreationFromPlusButtonOnHeaderWithDataProviderFromcsv[3](com.trello.qa.manager.TeamData@60c5f8ef)" classname="com.trello.qa.tests.TeamCreationTests" time="14.334"/>
  <system-out><![CDATA[]]></system-out>
  <system-err><![CDATA[]]></system-err>
</testsuite>
