<?xml version="1.0" encoding="UTF-8"?>
<testsuite name="com.trello.qa.tests.BoardModificationTests" tests="1" skipped="0" failures="0" errors="0" timestamp="2019-10-03T17:41:15" hostname="DESKTOP-F9966VI" time="21.949">
  <properties/>
  <testcase name="testRenameBoard" classname="com.trello.qa.tests.BoardModificationTests" time="21.949"/>
  <system-out><![CDATA[]]></system-out>
  <system-err><![CDATA[]]></system-err>
</testsuite>
