<?xml version="1.0" encoding="UTF-8"?>
<testsuite name="com.trello.qa.BoardDeletionTests" tests="1" skipped="0" failures="0" errors="0" timestamp="2019-09-12T11:47:28" hostname="DESKTOP-F9966VI" time="38.42">
  <properties/>
  <testcase name="deleteBoardFromHomePage" classname="com.trello.qa.BoardDeletionTests" time="38.42"/>
  <system-out><![CDATA[]]></system-out>
  <system-err><![CDATA[Starting ChromeDriver 76.0.3809.68 (420c9498db8ce8fcd190a954d51297672c1515d5-refs/branch-heads/3809@{#864}) on port 18071
Only local connections are allowed.
Please protect ports used by ChromeDriver and related test frameworks to prevent access by malicious code.
[1568288832.733][WARNING]: Timed out connecting to Chrome, retrying...
сен 12, 2019 2:47:14 PM org.openqa.selenium.remote.ProtocolHandshake createSession
INFO: Detected dialect: W3C
[1568288836.827][WARNING]: Timed out connecting to Chrome, retrying...
]]></system-err>
</testsuite>
