<?xml version="1.0" encoding="UTF-8"?>
<testsuite name="com.trello.qa.TeamDeletionTests" tests="1" skipped="0" failures="0" errors="0" timestamp="2019-09-15T14:42:10" hostname="DESKTOP-F9966VI" time="31.603">
  <properties/>
  <testcase name="deleteTeamFromLeftNavMenu" classname="com.trello.qa.TeamDeletionTests" time="31.603"/>
  <system-out><![CDATA[]]></system-out>
  <system-err><![CDATA[]]></system-err>
</testsuite>
