<?xml version="1.0" encoding="UTF-8"?>
<testsuite name="com.trello.qa.TeamCreationTests" tests="1" skipped="0" failures="0" errors="0" timestamp="2019-09-02T17:53:34" hostname="DESKTOP-F9966VI" time="5.079">
  <properties/>
  <testcase name="testTeamCreation" classname="com.trello.qa.TeamCreationTests" time="5.079"/>
  <system-out><![CDATA[]]></system-out>
  <system-err><![CDATA[Starting ChromeDriver 76.0.3809.68 (420c9498db8ce8fcd190a954d51297672c1515d5-refs/branch-heads/3809@{#864}) on port 41427
Only local connections are allowed.
Please protect ports used by ChromeDriver and related test frameworks to prevent access by malicious code.
[1567446801.144][WARNING]: Timed out connecting to Chrome, retrying...
сен 02, 2019 8:53:23 PM org.openqa.selenium.remote.ProtocolHandshake createSession
INFO: Detected dialect: W3C
[1567446805.228][WARNING]: Timed out connecting to Chrome, retrying...
]]></system-err>
</testsuite>
