<?xml version="1.0" encoding="UTF-8"?>
<testsuite name="com.trello.qa.BoardCreationTests" tests="1" skipped="0" failures="0" errors="0" timestamp="2019-09-12T16:39:38" hostname="DESKTOP-F9966VI" time="2.552">
  <properties/>
  <testcase name="testBoardCreationFromPlusButtonOnHeader" classname="com.trello.qa.BoardCreationTests" time="2.552"/>
  <system-out><![CDATA[]]></system-out>
  <system-err><![CDATA[Starting ChromeDriver 76.0.3809.68 (420c9498db8ce8fcd190a954d51297672c1515d5-refs/branch-heads/3809@{#864}) on port 48955
Only local connections are allowed.
Please protect ports used by ChromeDriver and related test frameworks to prevent access by malicious code.
[1568306362.529][WARNING]: Timed out connecting to Chrome, retrying...
сен 12, 2019 7:39:24 PM org.openqa.selenium.remote.ProtocolHandshake createSession
INFO: Detected dialect: W3C
[1568306366.617][WARNING]: Timed out connecting to Chrome, retrying...
]]></system-err>
</testsuite>
