<?xml version="1.0" encoding="UTF-8"?>
<testsuite name="com.trello.qa.BoardCreationTests" tests="1" skipped="0" failures="0" errors="0" timestamp="2019-09-07T13:48:04" hostname="DESKTOP-F9966VI" time="30.689">
  <properties/>
  <testcase name="testBoardCreation" classname="com.trello.qa.BoardCreationTests" time="30.689"/>
  <system-out><![CDATA[]]></system-out>
  <system-err><![CDATA[Starting ChromeDriver 76.0.3809.68 (420c9498db8ce8fcd190a954d51297672c1515d5-refs/branch-heads/3809@{#864}) on port 25671
Only local connections are allowed.
Please protect ports used by ChromeDriver and related test frameworks to prevent access by malicious code.
[1567864072.189][WARNING]: Timed out connecting to Chrome, retrying...
сен 07, 2019 4:47:54 PM org.openqa.selenium.remote.ProtocolHandshake createSession
INFO: Detected dialect: W3C
[1567864076.280][WARNING]: Timed out connecting to Chrome, retrying...
]]></system-err>
</testsuite>
